<?xml version="1.0" encoding="UTF-8"?>
<!-- Generated by org.testng.reporters.JUnitReportReporter -->
<testsuite hostname="DESKTOP-7SNL7GR" failures="0" tests="1" name="PractisePackage.Sample1Test" time="0.014" errors="0" timestamp="2022-11-23T16:04:43 IST" skipped="0">
  <testcase classname="PractisePackage.Sample1Test" name="script1" time="0.014"/>
  <system-out/>
</testsuite> <!-- PractisePackage.Sample1Test -->
